[    3514ms] [WARNING] ConfigCat - WARN - [3003] Cannot evaluate condition (User.cloud_provider EQUALS '<hashed value>') for setting 'enableSmartRegion' (the User.cloud_provider attribute is missing). You should set the User.cloud_provider attribute in order to make targeting work properly. Read more: https://configcat.com/docs/advanced/user-object/ @ https://frontend-assets.supabase.com/www/e55411da5ed6/_next/static/chunks/pages/_app-4479aae2e6888587.js?dpl=dpl_9wAPfxkezqiMNuN43AzcM5zCdsUQ:0
[    3684ms] [WARNING] ConfigCat - WARN - [3000] There is an existing client instance for the specified SDK Key. No new client instance will be created and the specified options are ignored. Returning the existing client instance. SDK Key: 'configcat-proxy/frontend-v2'. @ https://frontend-assets.supabase.com/www/e55411da5ed6/_next/static/chunks/pages/_app-4479aae2e6888587.js?dpl=dpl_9wAPfxkezqiMNuN43AzcM5zCdsUQ:0
[    3684ms] [WARNING] ConfigCat - WARN - [3003] Cannot evaluate condition (User.cloud_provider EQUALS '<hashed value>') for setting 'enableSmartRegion' (the User.cloud_provider attribute is missing). You should set the User.cloud_provider attribute in order to make targeting work properly. Read more: https://configcat.com/docs/advanced/user-object/ @ https://frontend-assets.supabase.com/www/e55411da5ed6/_next/static/chunks/pages/_app-4479aae2e6888587.js?dpl=dpl_9wAPfxkezqiMNuN43AzcM5zCdsUQ:0
[    4782ms] [LOG] Supabase Studio is running commit a4f964e452716798343fa422d2fae775ad8bad5c deployed at 2026-05-11 11:09:10 -05:00. @ https://frontend-assets.supabase.com/studio/a4f964e45271/_next/static/chunks/0i0ksmjjybwsi.js?dpl=dpl_EjpyxEx1nocqAmRV9zZQBmSSophm:12
[    5010ms] [ERROR] Flag key "headerUpgradeCta" does not exist in PostHog flag store @ https://frontend-assets.supabase.com/studio/a4f964e45271/_next/static/chunks/0i0ksmjjybwsi.js?dpl=dpl_EjpyxEx1nocqAmRV9zZQBmSSophm:12
[    5711ms] [LOG] Supabase Studio is running commit a4f964e452716798343fa422d2fae775ad8bad5c deployed at 2026-05-11 11:09:10 -05:00. @ https://frontend-assets.supabase.com/studio/a4f964e45271/_next/static/chunks/0i0ksmjjybwsi.js?dpl=dpl_EjpyxEx1nocqAmRV9zZQBmSSophm:12
[    5722ms] [ERROR] Flag key "headerUpgradeCta" does not exist in PostHog flag store @ https://frontend-assets.supabase.com/studio/a4f964e45271/_next/static/chunks/0i0ksmjjybwsi.js?dpl=dpl_EjpyxEx1nocqAmRV9zZQBmSSophm:12
[    5757ms] [ERROR] Flag key "headerUpgradeCta" does not exist in PostHog flag store @ https://frontend-assets.supabase.com/studio/a4f964e45271/_next/static/chunks/0i0ksmjjybwsi.js?dpl=dpl_EjpyxEx1nocqAmRV9zZQBmSSophm:12
[    5761ms] [ERROR] Flag key "headerUpgradeCta" does not exist in PostHog flag store @ https://frontend-assets.supabase.com/studio/a4f964e45271/_next/static/chunks/0i0ksmjjybwsi.js?dpl=dpl_EjpyxEx1nocqAmRV9zZQBmSSophm:12
[    5969ms] [ERROR] Flag key "headerUpgradeCta" does not exist in PostHog flag store @ https://frontend-assets.supabase.com/studio/a4f964e45271/_next/static/chunks/0i0ksmjjybwsi.js?dpl=dpl_EjpyxEx1nocqAmRV9zZQBmSSophm:12
[    6013ms] [WARNING] [Warning] Please install/enable Redux devtools extension @ https://frontend-assets.supabase.com/studio/a4f964e45271/_next/static/chunks/0i0ksmjjybwsi.js?dpl=dpl_EjpyxEx1nocqAmRV9zZQBmSSophm:12
[    6496ms] [ERROR] Flag key "headerUpgradeCta" does not exist in PostHog flag store @ https://frontend-assets.supabase.com/studio/a4f964e45271/_next/static/chunks/0i0ksmjjybwsi.js?dpl=dpl_EjpyxEx1nocqAmRV9zZQBmSSophm:12
[    6528ms] [ERROR] Flag key "headerUpgradeCta" does not exist in PostHog flag store @ https://frontend-assets.supabase.com/studio/a4f964e45271/_next/static/chunks/0i0ksmjjybwsi.js?dpl=dpl_EjpyxEx1nocqAmRV9zZQBmSSophm:12
[    6809ms] [ERROR] Flag key "headerUpgradeCta" does not exist in PostHog flag store @ https://frontend-assets.supabase.com/studio/a4f964e45271/_next/static/chunks/0i0ksmjjybwsi.js?dpl=dpl_EjpyxEx1nocqAmRV9zZQBmSSophm:12
[    7569ms] [ERROR] Flag key "headerUpgradeCta" does not exist in PostHog flag store @ https://frontend-assets.supabase.com/studio/a4f964e45271/_next/static/chunks/0i0ksmjjybwsi.js?dpl=dpl_EjpyxEx1nocqAmRV9zZQBmSSophm:12
[    9117ms] [ERROR] Flag key "headerUpgradeCta" does not exist in PostHog flag store @ https://frontend-assets.supabase.com/studio/a4f964e45271/_next/static/chunks/0i0ksmjjybwsi.js?dpl=dpl_EjpyxEx1nocqAmRV9zZQBmSSophm:12
[    9142ms] [ERROR] Flag key "headerUpgradeCta" does not exist in PostHog flag store @ https://frontend-assets.supabase.com/studio/a4f964e45271/_next/static/chunks/0i0ksmjjybwsi.js?dpl=dpl_EjpyxEx1nocqAmRV9zZQBmSSophm:12
[    9160ms] [WARNING] 'Escape' is already registered. Multiple handlers will be triggered. Use conflictBehavior: 'replace' to replace the existing handler, or conflictBehavior: 'allow' to suppress this warning. @ https://frontend-assets.supabase.com/studio/a4f964e45271/_next/static/chunks/0i0ksmjjybwsi.js?dpl=dpl_EjpyxEx1nocqAmRV9zZQBmSSophm:12
[   11590ms] [ERROR] Flag key "headerUpgradeCta" does not exist in PostHog flag store @ https://frontend-assets.supabase.com/studio/a4f964e45271/_next/static/chunks/0i0ksmjjybwsi.js?dpl=dpl_EjpyxEx1nocqAmRV9zZQBmSSophm:12
[   11609ms] [ERROR] Flag key "headerUpgradeCta" does not exist in PostHog flag store @ https://frontend-assets.supabase.com/studio/a4f964e45271/_next/static/chunks/0i0ksmjjybwsi.js?dpl=dpl_EjpyxEx1nocqAmRV9zZQBmSSophm:12
[ 1443271ms] [ERROR] Flag key "headerUpgradeCta" does not exist in PostHog flag store @ https://frontend-assets.supabase.com/studio/a4f964e45271/_next/static/chunks/0i0ksmjjybwsi.js?dpl=dpl_EjpyxEx1nocqAmRV9zZQBmSSophm:12
[ 3202655ms] [ERROR] Flag key "headerUpgradeCta" does not exist in PostHog flag store @ https://frontend-assets.supabase.com/studio/a4f964e45271/_next/static/chunks/0i0ksmjjybwsi.js?dpl=dpl_EjpyxEx1nocqAmRV9zZQBmSSophm:12
[ 5217436ms] [ERROR] Flag key "headerUpgradeCta" does not exist in PostHog flag store @ https://frontend-assets.supabase.com/studio/a4f964e45271/_next/static/chunks/0i0ksmjjybwsi.js?dpl=dpl_EjpyxEx1nocqAmRV9zZQBmSSophm:12
