[    3141ms] [WARNING] ConfigCat - WARN - [3003] Cannot evaluate condition (User.cloud_provider EQUALS '<hashed value>') for setting 'enableSmartRegion' (the User.cloud_provider attribute is missing). You should set the User.cloud_provider attribute in order to make targeting work properly. Read more: https://configcat.com/docs/advanced/user-object/ @ https://frontend-assets.supabase.com/www/e55411da5ed6/_next/static/chunks/pages/_app-4479aae2e6888587.js?dpl=dpl_9wAPfxkezqiMNuN43AzcM5zCdsUQ:0
[    4602ms] [LOG] Supabase Studio is running commit a4f964e452716798343fa422d2fae775ad8bad5c deployed at 2026-05-11 11:09:10 -05:00. @ https://frontend-assets.supabase.com/studio/a4f964e45271/_next/static/chunks/0i0ksmjjybwsi.js?dpl=dpl_EjpyxEx1nocqAmRV9zZQBmSSophm:12
[    4703ms] [ERROR] Flag key "headerUpgradeCta" does not exist in PostHog flag store @ https://frontend-assets.supabase.com/studio/a4f964e45271/_next/static/chunks/0i0ksmjjybwsi.js?dpl=dpl_EjpyxEx1nocqAmRV9zZQBmSSophm:12
[    4714ms] [ERROR] Flag key "headerUpgradeCta" does not exist in PostHog flag store @ https://frontend-assets.supabase.com/studio/a4f964e45271/_next/static/chunks/0i0ksmjjybwsi.js?dpl=dpl_EjpyxEx1nocqAmRV9zZQBmSSophm:12
[    4716ms] [ERROR] Flag key "headerUpgradeCta" does not exist in PostHog flag store @ https://frontend-assets.supabase.com/studio/a4f964e45271/_next/static/chunks/0i0ksmjjybwsi.js?dpl=dpl_EjpyxEx1nocqAmRV9zZQBmSSophm:12
[    5026ms] [ERROR] Flag key "headerUpgradeCta" does not exist in PostHog flag store @ https://frontend-assets.supabase.com/studio/a4f964e45271/_next/static/chunks/0i0ksmjjybwsi.js?dpl=dpl_EjpyxEx1nocqAmRV9zZQBmSSophm:12
[    6390ms] [LOG] Supabase Studio is running commit a4f964e452716798343fa422d2fae775ad8bad5c deployed at 2026-05-11 11:09:10 -05:00. @ https://frontend-assets.supabase.com/studio/a4f964e45271/_next/static/chunks/0i0ksmjjybwsi.js?dpl=dpl_EjpyxEx1nocqAmRV9zZQBmSSophm:12
[    6402ms] [ERROR] Flag key "headerUpgradeCta" does not exist in PostHog flag store @ https://frontend-assets.supabase.com/studio/a4f964e45271/_next/static/chunks/0i0ksmjjybwsi.js?dpl=dpl_EjpyxEx1nocqAmRV9zZQBmSSophm:12
[    6430ms] [ERROR] Flag key "headerUpgradeCta" does not exist in PostHog flag store @ https://frontend-assets.supabase.com/studio/a4f964e45271/_next/static/chunks/0i0ksmjjybwsi.js?dpl=dpl_EjpyxEx1nocqAmRV9zZQBmSSophm:12
[    6433ms] [ERROR] Flag key "headerUpgradeCta" does not exist in PostHog flag store @ https://frontend-assets.supabase.com/studio/a4f964e45271/_next/static/chunks/0i0ksmjjybwsi.js?dpl=dpl_EjpyxEx1nocqAmRV9zZQBmSSophm:12
[    6746ms] [ERROR] Flag key "headerUpgradeCta" does not exist in PostHog flag store @ https://frontend-assets.supabase.com/studio/a4f964e45271/_next/static/chunks/0i0ksmjjybwsi.js?dpl=dpl_EjpyxEx1nocqAmRV9zZQBmSSophm:12
[    6997ms] [WARNING] [Warning] Please install/enable Redux devtools extension @ https://frontend-assets.supabase.com/studio/a4f964e45271/_next/static/chunks/0i0ksmjjybwsi.js?dpl=dpl_EjpyxEx1nocqAmRV9zZQBmSSophm:12
[    7406ms] [ERROR] Flag key "headerUpgradeCta" does not exist in PostHog flag store @ https://frontend-assets.supabase.com/studio/a4f964e45271/_next/static/chunks/0i0ksmjjybwsi.js?dpl=dpl_EjpyxEx1nocqAmRV9zZQBmSSophm:12
[    7425ms] [ERROR] Flag key "headerUpgradeCta" does not exist in PostHog flag store @ https://frontend-assets.supabase.com/studio/a4f964e45271/_next/static/chunks/0i0ksmjjybwsi.js?dpl=dpl_EjpyxEx1nocqAmRV9zZQBmSSophm:12
[    7711ms] [ERROR] Flag key "headerUpgradeCta" does not exist in PostHog flag store @ https://frontend-assets.supabase.com/studio/a4f964e45271/_next/static/chunks/0i0ksmjjybwsi.js?dpl=dpl_EjpyxEx1nocqAmRV9zZQBmSSophm:12
[    8104ms] [ERROR] Flag key "headerUpgradeCta" does not exist in PostHog flag store @ https://frontend-assets.supabase.com/studio/a4f964e45271/_next/static/chunks/0i0ksmjjybwsi.js?dpl=dpl_EjpyxEx1nocqAmRV9zZQBmSSophm:12
[    9245ms] [ERROR] Flag key "headerUpgradeCta" does not exist in PostHog flag store @ https://frontend-assets.supabase.com/studio/a4f964e45271/_next/static/chunks/0i0ksmjjybwsi.js?dpl=dpl_EjpyxEx1nocqAmRV9zZQBmSSophm:12
[   10226ms] [ERROR] Flag key "headerUpgradeCta" does not exist in PostHog flag store @ https://frontend-assets.supabase.com/studio/a4f964e45271/_next/static/chunks/0i0ksmjjybwsi.js?dpl=dpl_EjpyxEx1nocqAmRV9zZQBmSSophm:12
[   10250ms] [ERROR] Flag key "headerUpgradeCta" does not exist in PostHog flag store @ https://frontend-assets.supabase.com/studio/a4f964e45271/_next/static/chunks/0i0ksmjjybwsi.js?dpl=dpl_EjpyxEx1nocqAmRV9zZQBmSSophm:12
[   10268ms] [WARNING] 'Escape' is already registered. Multiple handlers will be triggered. Use conflictBehavior: 'replace' to replace the existing handler, or conflictBehavior: 'allow' to suppress this warning. @ https://frontend-assets.supabase.com/studio/a4f964e45271/_next/static/chunks/0i0ksmjjybwsi.js?dpl=dpl_EjpyxEx1nocqAmRV9zZQBmSSophm:12
[   12621ms] [ERROR] Flag key "headerUpgradeCta" does not exist in PostHog flag store @ https://frontend-assets.supabase.com/studio/a4f964e45271/_next/static/chunks/0i0ksmjjybwsi.js?dpl=dpl_EjpyxEx1nocqAmRV9zZQBmSSophm:12
[   12656ms] [ERROR] Flag key "headerUpgradeCta" does not exist in PostHog flag store @ https://frontend-assets.supabase.com/studio/a4f964e45271/_next/static/chunks/0i0ksmjjybwsi.js?dpl=dpl_EjpyxEx1nocqAmRV9zZQBmSSophm:12
[   22983ms] [WARNING] Warning: Missing `Description` or `aria-describedby={undefined}` for {DialogContent}. @ https://frontend-assets.supabase.com/studio/a4f964e45271/_next/static/chunks/0i0ksmjjybwsi.js?dpl=dpl_EjpyxEx1nocqAmRV9zZQBmSSophm:12
[   23005ms] [ERROR] Flag key "headerUpgradeCta" does not exist in PostHog flag store @ https://frontend-assets.supabase.com/studio/a4f964e45271/_next/static/chunks/0i0ksmjjybwsi.js?dpl=dpl_EjpyxEx1nocqAmRV9zZQBmSSophm:12
[   23020ms] [ERROR] Flag key "headerUpgradeCta" does not exist in PostHog flag store @ https://frontend-assets.supabase.com/studio/a4f964e45271/_next/static/chunks/0i0ksmjjybwsi.js?dpl=dpl_EjpyxEx1nocqAmRV9zZQBmSSophm:12
[   23073ms] [VERBOSE] [DOM] Input elements should have autocomplete attributes (suggested: "current-password"): (More info: https://goo.gl/9p2vKq) @ https://supabase.com/dashboard/project/orlniujfwolyinsuezcu/auth/providers?provider=GitHub:0
[   49536ms] [ERROR] Flag key "headerUpgradeCta" does not exist in PostHog flag store @ https://frontend-assets.supabase.com/studio/a4f964e45271/_next/static/chunks/0i0ksmjjybwsi.js?dpl=dpl_EjpyxEx1nocqAmRV9zZQBmSSophm:12
[  327871ms] [ERROR] Flag key "headerUpgradeCta" does not exist in PostHog flag store @ https://frontend-assets.supabase.com/studio/a4f964e45271/_next/static/chunks/0i0ksmjjybwsi.js?dpl=dpl_EjpyxEx1nocqAmRV9zZQBmSSophm:12
[  329670ms] [ERROR] Flag key "headerUpgradeCta" does not exist in PostHog flag store @ https://frontend-assets.supabase.com/studio/a4f964e45271/_next/static/chunks/0i0ksmjjybwsi.js?dpl=dpl_EjpyxEx1nocqAmRV9zZQBmSSophm:12
[ 1768284ms] [ERROR] Flag key "headerUpgradeCta" does not exist in PostHog flag store @ https://frontend-assets.supabase.com/studio/a4f964e45271/_next/static/chunks/0i0ksmjjybwsi.js?dpl=dpl_EjpyxEx1nocqAmRV9zZQBmSSophm:12
[ 3527670ms] [ERROR] Flag key "headerUpgradeCta" does not exist in PostHog flag store @ https://frontend-assets.supabase.com/studio/a4f964e45271/_next/static/chunks/0i0ksmjjybwsi.js?dpl=dpl_EjpyxEx1nocqAmRV9zZQBmSSophm:12
[ 5542453ms] [ERROR] Flag key "headerUpgradeCta" does not exist in PostHog flag store @ https://frontend-assets.supabase.com/studio/a4f964e45271/_next/static/chunks/0i0ksmjjybwsi.js?dpl=dpl_EjpyxEx1nocqAmRV9zZQBmSSophm:12
