[     930ms] [ERROR] Failed to load resource: the server responded with a status of 403 () @ https://www.namecheap.com/DataLayer/UserHashDataLayer.ashx:0
[    1263ms] [ERROR] Refused to execute script from 'https://www.namecheap.com/DataLayer/UserHashDataLayer.ashx' because its MIME type ('text/html') is not executable, and strict MIME type checking is enabled. @ https://www.namecheap.com/myaccount/login/?ReturnUrl=%2fDomains%2fDomainControlPanel%2fsergiomonsalve.com%2fadvancedns:0
[    1347ms] [ERROR] Failed to load resource: the server responded with a status of 404 () @ https://files.namecheap.com/cdn/1277/assets/css/fonts/museo-sans-300-webfont.woff2:0
[    1361ms] [ERROR] Failed to load resource: the server responded with a status of 404 () @ https://files.namecheap.com/cdn/1277/assets/css/fonts/gb-icon-font.woff2:0
[    1362ms] [ERROR] Failed to load resource: the server responded with a status of 404 () @ https://files.namecheap.com/cdn/1277/assets/css/fonts/museo-sans-500-webfont.woff2:0
[    1362ms] [ERROR] Failed to load resource: the server responded with a status of 404 () @ https://files.namecheap.com/cdn/1277/assets/css/fonts/museo-sans-700-webfont.woff2:0
[    1362ms] [ERROR] Failed to load resource: the server responded with a status of 404 () @ https://files.namecheap.com/cdn/1277/assets/css/fonts/gb-icon.woff2:0
[    1532ms] [VERBOSE] [DOM] Multiple forms should be contained in their own form elements; break up complex forms into ones that represent a single action: (More info: https://goo.gl/9p2vKq) %o @ https://www.namecheap.com/myaccount/login/?ReturnUrl=%2fDomains%2fDomainControlPanel%2fsergiomonsalve.com%2fadvancedns:0
[    1879ms] Uncaught SyntaxError: Invalid regular expression: /^/support(/: Unterminated group
    at String.startsWith (https://files.namecheap.com/cdn/0/assets/js/v1277.global-script.min.js:81:9061)
    at <anonymous> (https://cdn.engagement.ai/production/static/js/sdk/chatSDK.af2249d710e43a43b333.js:0:17655)
    at isPageMatching (https://cdn.engagement.ai/production/static/js/sdk/chatSDK.af2249d710e43a43b333.js:0:17507)
    at isPageAllowed (https://cdn.engagement.ai/production/static/js/sdk/chatSDK.af2249d710e43a43b333.js:0:17803)
    at O.shouldRemoveWidget (https://cdn.engagement.ai/production/static/js/sdk/chatSDK.af2249d710e43a43b333.js:0:8249)
    at O.initEngagementPlatform (https://cdn.engagement.ai/production/static/js/sdk/chatSDK.af2249d710e43a43b333.js:0:7695)
    at O.registerHandlers (https://cdn.engagement.ai/production/static/js/sdk/chatSDK.af2249d710e43a43b333.js:0:7904)
    at init (https://cdn.engagement.ai/production/static/js/sdk/chatSDK.af2249d710e43a43b333.js:0:9948)
    at <anonymous> (https://cdn.engagement.ai/production/static/js/sdk/chatSDK.af2249d710e43a43b333.js:0:52263)
    at n (https://cdn.engagement.ai/production/static/js/sdk/chatSDK.af2249d710e43a43b333.js:0:109)
    at <anonymous> (https://cdn.engagement.ai/production/static/js/sdk/chatSDK.af2249d710e43a43b333.js:0:901)
    at <anonymous> (https://cdn.engagement.ai/production/static/js/sdk/chatSDK.af2249d710e43a43b333.js:0:911)
[    1945ms] [ERROR] Failed to load resource: the server responded with a status of 400 () @ https://ad.doubleclick.net/ccm/s/collect?auid=1035833267.1777947980&gtm=45He6611v71247969za200zd71247969xea:0
[    3910ms] [WARNING] [Meta Pixel] - Invalid parameter format for currency. Please refer https://developers.facebook.com/docs/meta-pixel/reference/ for valid parameter specifications. @ https://connect.facebook.net/en_US/fbevents.js:183
[   26975ms] SyntaxError: Invalid regular expression: /^/support(/: Unterminated group
    at String.match (<anonymous>)
    at String.startsWith (https://files.namecheap.com/cdn/0/assets/js/v1277.global-script.min.js:82:9062)
    at https://cdn.engagement.ai/production/static/js/sdk/chatSDK.af2249d710e43a43b333.js:1:17656
    at Array.some (<anonymous>)
    at r.isPageMatching (https://cdn.engagement.ai/production/static/js/sdk/chatSDK.af2249d710e43a43b333.js:1:17508)
    at r.isPageAllowed (https://cdn.engagement.ai/production/static/js/sdk/chatSDK.af2249d710e43a43b333.js:1:17804)
    at O.shouldRemoveWidget (https://cdn.engagement.ai/production/static/js/sdk/chatSDK.af2249d710e43a43b333.js:1:8250)
    at O.initEngagementPlatform (https://cdn.engagement.ai/production/static/js/sdk/chatSDK.af2249d710e43a43b333.js:1:7696)
    at HTMLDocument.nrWrapper (<anonymous>:1:16540)
[   29140ms] [ERROR] Failed to load resource: the server responded with a status of 400 () @ https://ad.doubleclick.net/ccm/s/collect?auid=1035833267.1777947980&gtm=45be6611v9169220650z871247969za20gzb71247969zd71247969xea:0
[   58482ms] [LOG] Blur event triggers @ https://static.nc-img.com/ap/cdn/1180/assets/js/main.js?v=T95dBdnR-hAtJ9XPPxWY2kEujoyn4o3fxKDhpmSJkRU1:9
[   69489ms] [LOG] Blur event triggers @ https://static.nc-img.com/ap/cdn/1180/assets/js/main.js?v=T95dBdnR-hAtJ9XPPxWY2kEujoyn4o3fxKDhpmSJkRU1:9
[  250262ms] [LOG] Blur event triggers @ https://static.nc-img.com/ap/cdn/1180/assets/js/main.js?v=T95dBdnR-hAtJ9XPPxWY2kEujoyn4o3fxKDhpmSJkRU1:9
[  250594ms] [LOG] Blur event triggers @ https://static.nc-img.com/ap/cdn/1180/assets/js/main.js?v=T95dBdnR-hAtJ9XPPxWY2kEujoyn4o3fxKDhpmSJkRU1:9
[  262178ms] [LOG] Blur event triggers @ https://static.nc-img.com/ap/cdn/1180/assets/js/main.js?v=T95dBdnR-hAtJ9XPPxWY2kEujoyn4o3fxKDhpmSJkRU1:9
[  273112ms] [LOG] Blur event triggers @ https://static.nc-img.com/ap/cdn/1180/assets/js/main.js?v=T95dBdnR-hAtJ9XPPxWY2kEujoyn4o3fxKDhpmSJkRU1:9
[  273828ms] [LOG] Blur event triggers @ https://static.nc-img.com/ap/cdn/1180/assets/js/main.js?v=T95dBdnR-hAtJ9XPPxWY2kEujoyn4o3fxKDhpmSJkRU1:9
[  274886ms] [LOG] Blur event triggers @ https://static.nc-img.com/ap/cdn/1180/assets/js/main.js?v=T95dBdnR-hAtJ9XPPxWY2kEujoyn4o3fxKDhpmSJkRU1:9
[  275211ms] [LOG] Blur event triggers @ https://static.nc-img.com/ap/cdn/1180/assets/js/main.js?v=T95dBdnR-hAtJ9XPPxWY2kEujoyn4o3fxKDhpmSJkRU1:9
